2012-08-20T10:59:11+02:00 CRIT (2): Chyba aplikace
2012-08-20T10:59:11+02:00 CRIT (2): Request Parameters
2012-08-20T11:05:53+02:00 CRIT (2): Chyba aplikace: exception 'Zend_Db_Table_Select_Exception' with message 'Select query cannot join with another table' in C:\Program Files\Zend\ZendServer\share\ZendFramework\library\Zend\Db\Table\Select.php:215
Stack trace:
#0 C:\Program Files\Zend\ZendServer\share\ZendFramework\library\Zend\Db\Adapter\Abstract.php(467): Zend_Db_Table_Select->assemble()
#1 C:\Program Files\Zend\ZendServer\share\ZendFramework\library\Zend\Db\Adapter\Pdo\Abstract.php(238): Zend_Db_Adapter_Abstract->query(Object(Zend_Db_Table_Select), Array)
#2 C:\Program Files\Zend\ZendServer\share\ZendFramework\library\Zend\Db\Table\Abstract.php(1529): Zend_Db_Adapter_Pdo_Abstract->query(Object(Zend_Db_Table_Select))
#3 C:\Program Files\Zend\ZendServer\share\ZendFramework\library\Zend\Db\Table\Abstract.php(1344): Zend_Db_Table_Abstract->_fetch(Object(Zend_Db_Table_Select))
#4 C:\Program Files\Zend\Apache2\htdocs\guardian\application\models\DbTable\UserHasSubsidiary.php(40): Zend_Db_Table_Abstract->fetchAll(Object(Zend_Db_Table_Select))
#5 C:\Program Files\Zend\Apache2\htdocs\guardian\application\controllers\ClientController.php(130): Application_Model_DbTable_UserHasSubsidiary->getByTechnician()
#6 C:\Program Files\Zend\ZendServer\share\ZendFramework\library\Zend\Controller\Action.php(516): ClientController->listAction()
#7 C:\Program Files\Zend\ZendServer\share\ZendFramework\library\Zend\Controller\Dispatcher\Standard.php(295): Zend_Controller_Action->dispatch('listAction')
#8 C:\Program Files\Zend\ZendServer\share\ZendFramework\library\Zend\Controller\Front.php(954): Zend_Controller_Dispatcher_Standard->dispatch(Object(Zend_Controller_Request_Http), Object(Zend_Controller_Response_Http))
#9 C:\Program Files\Zend\ZendServer\share\ZendFramework\library\Zend\Application\Bootstrap\Bootstrap.php(97): Zend_Controller_Front->dispatch()
#10 C:\Program Files\Zend\ZendServer\share\ZendFramework\library\Zend\Application.php(366): Zend_Application_Bootstrap_Bootstrap->run()
#11 C:\Program Files\Zend\Apache2\htdocs\guardian\public\index.php(26): Zend_Application->run()
#12 {main}
2012-08-20T11:05:53+02:00 CRIT (2): Request Parameters
2012-08-20T11:06:46+02:00 CRIT (2): Chyba aplikace: exception 'Zend_Db_Table_Select_Exception' with message 'Select query cannot join with another table' in C:\Program Files\Zend\ZendServer\share\ZendFramework\library\Zend\Db\Table\Select.php:215
Stack trace:
#0 C:\Program Files\Zend\ZendServer\share\ZendFramework\library\Zend\Db\Adapter\Abstract.php(467): Zend_Db_Table_Select->assemble()
#1 C:\Program Files\Zend\ZendServer\share\ZendFramework\library\Zend\Db\Adapter\Pdo\Abstract.php(238): Zend_Db_Adapter_Abstract->query(Object(Zend_Db_Table_Select), Array)
#2 C:\Program Files\Zend\ZendServer\share\ZendFramework\library\Zend\Db\Table\Abstract.php(1529): Zend_Db_Adapter_Pdo_Abstract->query(Object(Zend_Db_Table_Select))
#3 C:\Program Files\Zend\ZendServer\share\ZendFramework\library\Zend\Db\Table\Abstract.php(1344): Zend_Db_Table_Abstract->_fetch(Object(Zend_Db_Table_Select))
#4 C:\Program Files\Zend\Apache2\htdocs\guardian\application\models\DbTable\UserHasSubsidiary.php(40): Zend_Db_Table_Abstract->fetchAll(Object(Zend_Db_Table_Select))
#5 C:\Program Files\Zend\Apache2\htdocs\guardian\application\controllers\ClientController.php(130): Application_Model_DbTable_UserHasSubsidiary->getByTechnician()
#6 C:\Program Files\Zend\ZendServer\share\ZendFramework\library\Zend\Controller\Action.php(516): ClientController->listAction()
#7 C:\Program Files\Zend\ZendServer\share\ZendFramework\library\Zend\Controller\Dispatcher\Standard.php(295): Zend_Controller_Action->dispatch('listAction')
#8 C:\Program Files\Zend\ZendServer\share\ZendFramework\library\Zend\Controller\Front.php(954): Zend_Controller_Dispatcher_Standard->dispatch(Object(Zend_Controller_Request_Http), Object(Zend_Controller_Response_Http))
#9 C:\Program Files\Zend\ZendServer\share\ZendFramework\library\Zend\Application\Bootstrap\Bootstrap.php(97): Zend_Controller_Front->dispatch()
#10 C:\Program Files\Zend\ZendServer\share\ZendFramework\library\Zend\Application.php(366): Zend_Application_Bootstrap_Bootstrap->run()
#11 C:\Program Files\Zend\Apache2\htdocs\guardian\public\index.php(26): Zend_Application->run()
#12 {main}
2012-08-20T11:06:46+02:00 CRIT (2): Request Parameters: Array
2012-08-20T11:07:47+02:00 CRIT (2): Chyba aplikace: exception 'Zend_Db_Table_Select_Exception' with message 'Select query cannot join with another table' in C:\Program Files\Zend\ZendServer\share\ZendFramework\library\Zend\Db\Table\Select.php:215
Stack trace:
#0 C:\Program Files\Zend\ZendServer\share\ZendFramework\library\Zend\Db\Adapter\Abstract.php(467): Zend_Db_Table_Select->assemble()
#1 C:\Program Files\Zend\ZendServer\share\ZendFramework\library\Zend\Db\Adapter\Pdo\Abstract.php(238): Zend_Db_Adapter_Abstract->query(Object(Zend_Db_Table_Select), Array)
#2 C:\Program Files\Zend\ZendServer\share\ZendFramework\library\Zend\Db\Table\Abstract.php(1529): Zend_Db_Adapter_Pdo_Abstract->query(Object(Zend_Db_Table_Select))
#3 C:\Program Files\Zend\ZendServer\share\ZendFramework\library\Zend\Db\Table\Abstract.php(1344): Zend_Db_Table_Abstract->_fetch(Object(Zend_Db_Table_Select))
#4 C:\Program Files\Zend\Apache2\htdocs\guardian\application\models\DbTable\UserHasSubsidiary.php(40): Zend_Db_Table_Abstract->fetchAll(Object(Zend_Db_Table_Select))
#5 C:\Program Files\Zend\Apache2\htdocs\guardian\application\controllers\ClientController.php(130): Application_Model_DbTable_UserHasSubsidiary->getByTechnician()
#6 C:\Program Files\Zend\ZendServer\share\ZendFramework\library\Zend\Controller\Action.php(516): ClientController->listAction()
#7 C:\Program Files\Zend\ZendServer\share\ZendFramework\library\Zend\Controller\Dispatcher\Standard.php(295): Zend_Controller_Action->dispatch('listAction')
#8 C:\Program Files\Zend\ZendServer\share\ZendFramework\library\Zend\Controller\Front.php(954): Zend_Controller_Dispatcher_Standard->dispatch(Object(Zend_Controller_Request_Http), Object(Zend_Controller_Response_Http))
#9 C:\Program Files\Zend\ZendServer\share\ZendFramework\library\Zend\Application\Bootstrap\Bootstrap.php(97): Zend_Controller_Front->dispatch()
#10 C:\Program Files\Zend\ZendServer\share\ZendFramework\library\Zend\Application.php(366): Zend_Application_Bootstrap_Bootstrap->run()
#11 C:\Program Files\Zend\Apache2\htdocs\guardian\public\index.php(26): Zend_Application->run()
#12 {main}
2012-08-20T11:07:47+02:00 CRIT (2): Request Parameters: 
2012-08-20T11:08:50+02:00 CRIT (2): Chyba aplikace: exception 'Zend_Db_Table_Select_Exception' with message 'Select query cannot join with another table' in C:\Program Files\Zend\ZendServer\share\ZendFramework\library\Zend\Db\Table\Select.php:215
Stack trace:
#0 C:\Program Files\Zend\ZendServer\share\ZendFramework\library\Zend\Db\Adapter\Abstract.php(467): Zend_Db_Table_Select->assemble()
#1 C:\Program Files\Zend\ZendServer\share\ZendFramework\library\Zend\Db\Adapter\Pdo\Abstract.php(238): Zend_Db_Adapter_Abstract->query(Object(Zend_Db_Table_Select), Array)
#2 C:\Program Files\Zend\ZendServer\share\ZendFramework\library\Zend\Db\Table\Abstract.php(1529): Zend_Db_Adapter_Pdo_Abstract->query(Object(Zend_Db_Table_Select))
#3 C:\Program Files\Zend\ZendServer\share\ZendFramework\library\Zend\Db\Table\Abstract.php(1344): Zend_Db_Table_Abstract->_fetch(Object(Zend_Db_Table_Select))
#4 C:\Program Files\Zend\Apache2\htdocs\guardian\application\models\DbTable\UserHasSubsidiary.php(40): Zend_Db_Table_Abstract->fetchAll(Object(Zend_Db_Table_Select))
#5 C:\Program Files\Zend\Apache2\htdocs\guardian\application\controllers\ClientController.php(130): Application_Model_DbTable_UserHasSubsidiary->getByTechnician()
#6 C:\Program Files\Zend\ZendServer\share\ZendFramework\library\Zend\Controller\Action.php(516): ClientController->listAction()
#7 C:\Program Files\Zend\ZendServer\share\ZendFramework\library\Zend\Controller\Dispatcher\Standard.php(295): Zend_Controller_Action->dispatch('listAction')
#8 C:\Program Files\Zend\ZendServer\share\ZendFramework\library\Zend\Controller\Front.php(954): Zend_Controller_Dispatcher_Standard->dispatch(Object(Zend_Controller_Request_Http), Object(Zend_Controller_Response_Http))
#9 C:\Program Files\Zend\ZendServer\share\ZendFramework\library\Zend\Application\Bootstrap\Bootstrap.php(97): Zend_Controller_Front->dispatch()
#10 C:\Program Files\Zend\ZendServer\share\ZendFramework\library\Zend\Application.php(366): Zend_Application_Bootstrap_Bootstrap->run()
#11 C:\Program Files\Zend\Apache2\htdocs\guardian\public\index.php(26): Zend_Application->run()
#12 {main}
2012-08-20T11:08:50+02:00 CRIT (2): Request Parameters: Array
2012-08-20T11:10:01+02:00 CRIT (2): Chyba aplikace: exception 'Zend_Db_Table_Select_Exception' with message 'Select query cannot join with another table' in C:\Program Files\Zend\ZendServer\share\ZendFramework\library\Zend\Db\Table\Select.php:215
Stack trace:
#0 C:\Program Files\Zend\ZendServer\share\ZendFramework\library\Zend\Db\Adapter\Abstract.php(467): Zend_Db_Table_Select->assemble()
#1 C:\Program Files\Zend\ZendServer\share\ZendFramework\library\Zend\Db\Adapter\Pdo\Abstract.php(238): Zend_Db_Adapter_Abstract->query(Object(Zend_Db_Table_Select), Array)
#2 C:\Program Files\Zend\ZendServer\share\ZendFramework\library\Zend\Db\Table\Abstract.php(1529): Zend_Db_Adapter_Pdo_Abstract->query(Object(Zend_Db_Table_Select))
#3 C:\Program Files\Zend\ZendServer\share\ZendFramework\library\Zend\Db\Table\Abstract.php(1344): Zend_Db_Table_Abstract->_fetch(Object(Zend_Db_Table_Select))
#4 C:\Program Files\Zend\Apache2\htdocs\guardian\application\models\DbTable\UserHasSubsidiary.php(40): Zend_Db_Table_Abstract->fetchAll(Object(Zend_Db_Table_Select))
#5 C:\Program Files\Zend\Apache2\htdocs\guardian\application\controllers\ClientController.php(130): Application_Model_DbTable_UserHasSubsidiary->getByTechnician()
#6 C:\Program Files\Zend\ZendServer\share\ZendFramework\library\Zend\Controller\Action.php(516): ClientController->listAction()
#7 C:\Program Files\Zend\ZendServer\share\ZendFramework\library\Zend\Controller\Dispatcher\Standard.php(295): Zend_Controller_Action->dispatch('listAction')
#8 C:\Program Files\Zend\ZendServer\share\ZendFramework\library\Zend\Controller\Front.php(954): Zend_Controller_Dispatcher_Standard->dispatch(Object(Zend_Controller_Request_Http), Object(Zend_Controller_Response_Http))
#9 C:\Program Files\Zend\ZendServer\share\ZendFramework\library\Zend\Application\Bootstrap\Bootstrap.php(97): Zend_Controller_Front->dispatch()
#10 C:\Program Files\Zend\ZendServer\share\ZendFramework\library\Zend\Application.php(366): Zend_Application_Bootstrap_Bootstrap->run()
#11 C:\Program Files\Zend\Apache2\htdocs\guardian\public\index.php(26): Zend_Application->run()
#12 {main}
2012-08-20T11:10:22+02:00 CRIT (2): Chyba aplikace: exception 'Zend_Db_Table_Select_Exception' with message 'Select query cannot join with another table' in C:\Program Files\Zend\ZendServer\share\ZendFramework\library\Zend\Db\Table\Select.php:215
Stack trace:
#0 C:\Program Files\Zend\ZendServer\share\ZendFramework\library\Zend\Db\Adapter\Abstract.php(467): Zend_Db_Table_Select->assemble()
#1 C:\Program Files\Zend\ZendServer\share\ZendFramework\library\Zend\Db\Adapter\Pdo\Abstract.php(238): Zend_Db_Adapter_Abstract->query(Object(Zend_Db_Table_Select), Array)
#2 C:\Program Files\Zend\ZendServer\share\ZendFramework\library\Zend\Db\Table\Abstract.php(1529): Zend_Db_Adapter_Pdo_Abstract->query(Object(Zend_Db_Table_Select))
#3 C:\Program Files\Zend\ZendServer\share\ZendFramework\library\Zend\Db\Table\Abstract.php(1344): Zend_Db_Table_Abstract->_fetch(Object(Zend_Db_Table_Select))
#4 C:\Program Files\Zend\Apache2\htdocs\guardian\application\models\DbTable\UserHasSubsidiary.php(40): Zend_Db_Table_Abstract->fetchAll(Object(Zend_Db_Table_Select))
#5 C:\Program Files\Zend\Apache2\htdocs\guardian\application\controllers\ClientController.php(130): Application_Model_DbTable_UserHasSubsidiary->getByTechnician()
#6 C:\Program Files\Zend\ZendServer\share\ZendFramework\library\Zend\Controller\Action.php(516): ClientController->listAction()
#7 C:\Program Files\Zend\ZendServer\share\ZendFramework\library\Zend\Controller\Dispatcher\Standard.php(295): Zend_Controller_Action->dispatch('listAction')
#8 C:\Program Files\Zend\ZendServer\share\ZendFramework\library\Zend\Controller\Front.php(954): Zend_Controller_Dispatcher_Standard->dispatch(Object(Zend_Controller_Request_Http), Object(Zend_Controller_Response_Http))
#9 C:\Program Files\Zend\ZendServer\share\ZendFramework\library\Zend\Application\Bootstrap\Bootstrap.php(97): Zend_Controller_Front->dispatch()
#10 C:\Program Files\Zend\ZendServer\share\ZendFramework\library\Zend\Application.php(366): Zend_Application_Bootstrap_Bootstrap->run()
#11 C:\Program Files\Zend\Apache2\htdocs\guardian\public\index.php(26): Zend_Application->run()
#12 {main}
2012-08-20T11:10:24+02:00 CRIT (2): Chyba aplikace: exception 'Zend_Db_Table_Select_Exception' with message 'Select query cannot join with another table' in C:\Program Files\Zend\ZendServer\share\ZendFramework\library\Zend\Db\Table\Select.php:215
Stack trace:
#0 C:\Program Files\Zend\ZendServer\share\ZendFramework\library\Zend\Db\Adapter\Abstract.php(467): Zend_Db_Table_Select->assemble()
#1 C:\Program Files\Zend\ZendServer\share\ZendFramework\library\Zend\Db\Adapter\Pdo\Abstract.php(238): Zend_Db_Adapter_Abstract->query(Object(Zend_Db_Table_Select), Array)
#2 C:\Program Files\Zend\ZendServer\share\ZendFramework\library\Zend\Db\Table\Abstract.php(1529): Zend_Db_Adapter_Pdo_Abstract->query(Object(Zend_Db_Table_Select))
#3 C:\Program Files\Zend\ZendServer\share\ZendFramework\library\Zend\Db\Table\Abstract.php(1344): Zend_Db_Table_Abstract->_fetch(Object(Zend_Db_Table_Select))
#4 C:\Program Files\Zend\Apache2\htdocs\guardian\application\models\DbTable\UserHasSubsidiary.php(40): Zend_Db_Table_Abstract->fetchAll(Object(Zend_Db_Table_Select))
#5 C:\Program Files\Zend\Apache2\htdocs\guardian\application\controllers\ClientController.php(130): Application_Model_DbTable_UserHasSubsidiary->getByTechnician()
#6 C:\Program Files\Zend\ZendServer\share\ZendFramework\library\Zend\Controller\Action.php(516): ClientController->listAction()
#7 C:\Program Files\Zend\ZendServer\share\ZendFramework\library\Zend\Controller\Dispatcher\Standard.php(295): Zend_Controller_Action->dispatch('listAction')
#8 C:\Program Files\Zend\ZendServer\share\ZendFramework\library\Zend\Controller\Front.php(954): Zend_Controller_Dispatcher_Standard->dispatch(Object(Zend_Controller_Request_Http), Object(Zend_Controller_Response_Http))
#9 C:\Program Files\Zend\ZendServer\share\ZendFramework\library\Zend\Application\Bootstrap\Bootstrap.php(97): Zend_Controller_Front->dispatch()
#10 C:\Program Files\Zend\ZendServer\share\ZendFramework\library\Zend\Application.php(366): Zend_Application_Bootstrap_Bootstrap->run()
#11 C:\Program Files\Zend\Apache2\htdocs\guardian\public\index.php(26): Zend_Application->run()
#12 {main}
2012-08-20T11:10:30+02:00 CRIT (2): Chyba aplikace: exception 'Zend_Db_Table_Select_Exception' with message 'Select query cannot join with another table' in C:\Program Files\Zend\ZendServer\share\ZendFramework\library\Zend\Db\Table\Select.php:215
Stack trace:
#0 C:\Program Files\Zend\ZendServer\share\ZendFramework\library\Zend\Db\Adapter\Abstract.php(467): Zend_Db_Table_Select->assemble()
#1 C:\Program Files\Zend\ZendServer\share\ZendFramework\library\Zend\Db\Adapter\Pdo\Abstract.php(238): Zend_Db_Adapter_Abstract->query(Object(Zend_Db_Table_Select), Array)
#2 C:\Program Files\Zend\ZendServer\share\ZendFramework\library\Zend\Db\Table\Abstract.php(1529): Zend_Db_Adapter_Pdo_Abstract->query(Object(Zend_Db_Table_Select))
#3 C:\Program Files\Zend\ZendServer\share\ZendFramework\library\Zend\Db\Table\Abstract.php(1344): Zend_Db_Table_Abstract->_fetch(Object(Zend_Db_Table_Select))
#4 C:\Program Files\Zend\Apache2\htdocs\guardian\application\models\DbTable\UserHasSubsidiary.php(40): Zend_Db_Table_Abstract->fetchAll(Object(Zend_Db_Table_Select))
#5 C:\Program Files\Zend\Apache2\htdocs\guardian\application\controllers\ClientController.php(130): Application_Model_DbTable_UserHasSubsidiary->getByTechnician()
#6 C:\Program Files\Zend\ZendServer\share\ZendFramework\library\Zend\Controller\Action.php(516): ClientController->listAction()
#7 C:\Program Files\Zend\ZendServer\share\ZendFramework\library\Zend\Controller\Dispatcher\Standard.php(295): Zend_Controller_Action->dispatch('listAction')
#8 C:\Program Files\Zend\ZendServer\share\ZendFramework\library\Zend\Controller\Front.php(954): Zend_Controller_Dispatcher_Standard->dispatch(Object(Zend_Controller_Request_Http), Object(Zend_Controller_Response_Http))
#9 C:\Program Files\Zend\ZendServer\share\ZendFramework\library\Zend\Application\Bootstrap\Bootstrap.php(97): Zend_Controller_Front->dispatch()
#10 C:\Program Files\Zend\ZendServer\share\ZendFramework\library\Zend\Application.php(366): Zend_Application_Bootstrap_Bootstrap->run()
#11 C:\Program Files\Zend\Apache2\htdocs\guardian\public\index.php(26): Zend_Application->run()
#12 {main}
2012-08-20T11:10:30+02:00 CRIT (2): Request Parameters
2012-08-20T11:17:08+02:00 INFO (6): Uživatel admin přihlášen.
2012-08-20T11:29:05+02:00 INFO (6): Uživatel odhlášen.
2012-08-20T11:29:11+02:00 INFO (6): Uživatel admin přihlášen.
2012-08-20T16:09:09+02:00 INFO (6): Uživatel odhlášen.
2012-08-20T16:09:19+02:00 INFO (6): Uživatel klient přihlášen.
2012-08-20T16:09:30+02:00 INFO (6): Uživatel odhlášen.
2012-08-20T16:09:36+02:00 INFO (6): Uživatel admin přihlášen.
2012-08-21T08:03:28+02:00 INFO (6): Uživatel admin přihlášen.
2012-08-22T08:45:03+02:00 INFO (6): Uživatel admin přihlášen.
2012-08-22T17:01:05+02:00 INFO (6): Uživatel odhlášen.
2012-08-22T17:01:14+02:00 INFO (6): Uživatel technik přihlášen.
2012-08-22T20:16:25+02:00 INFO (6): Uživatel odhlášen.
2012-08-22T20:16:35+02:00 INFO (6): Uživatel klient přihlášen.
2012-08-22T20:17:22+02:00 INFO (6): Uživatel odhlášen.
2012-08-22T20:21:19+02:00 INFO (6): Uživatel koordinator přihlášen.
2012-08-22T20:21:32+02:00 INFO (6): Uživatel odhlášen.
2012-08-22T20:21:40+02:00 INFO (6): Uživatel admin přihlášen.
2012-08-22T20:22:46+02:00 INFO (6): Uživatel odhlášen.
2012-08-22T20:22:50+02:00 INFO (6): Uživatel ales přihlášen.
2012-08-22T23:54:08+02:00 INFO (6): Uživatel odhlášen.
2012-08-22T23:54:16+02:00 INFO (6): Uživatel admin přihlášen.
2012-08-23T16:20:35+02:00 INFO (6): Uživatel admin přihlášen.
2012-08-23T16:22:07+02:00 INFO (6): Uživatel odhlášen.
2012-08-23T16:22:57+02:00 INFO (6): Uživatel admin přihlášen.
2012-08-23T16:22:57+02:00 INFO (6): Uživatel odhlášen.
2012-08-23T16:23:09+02:00 INFO (6): Uživatel admin přihlášen.
2012-08-23T16:23:10+02:00 INFO (6): Uživatel odhlášen.
2012-08-23T16:24:12+02:00 INFO (6): Uživatel admin přihlášen.
2012-08-23T16:25:05+02:00 INFO (6): Uživatel odhlášen.
2012-08-23T16:26:51+02:00 INFO (6): Uživatel admin přihlášen.
2012-08-23T16:45:43+02:00 INFO (6): Uživatel odhlášen.
2012-08-23T16:45:48+02:00 INFO (6): Uživatel admin přihlášen.
2012-08-23T16:47:08+02:00 INFO (6): Uživatel odhlášen.
2012-08-23T16:47:13+02:00 INFO (6): Uživatel admin přihlášen.
2012-08-23T17:08:58+02:00 INFO (6): Uživatel odhlášen.
2012-08-23T17:09:04+02:00 INFO (6): Uživatel admin přihlášen.
2012-08-23T19:05:08+02:00 INFO (6): Uživatel odhlášen.
2012-08-23T19:07:20+02:00 INFO (6): Uživatel admin přihlášen.
2012-08-23T19:09:29+02:00 INFO (6): Uživatel odhlášen.
2012-08-23T19:11:27+02:00 INFO (6): Uživatel admin přihlášen.
2012-08-23T20:59:40+02:00 INFO (6): Uživatel odhlášen.
2012-08-23T20:59:49+02:00 INFO (6): Uživatel klient přihlášen.
2012-08-23T21:16:20+02:00 INFO (6): Uživatel odhlášen.
2012-08-23T21:16:29+02:00 INFO (6): Uživatel admin přihlášen.
2012-08-23T21:16:59+02:00 INFO (6): Uživatel odhlášen.
2012-08-23T21:17:11+02:00 INFO (6): Uživatel klient přihlášen.
2012-08-23T21:19:18+02:00 INFO (6): Uživatel odhlášen.
2012-08-23T21:19:24+02:00 INFO (6): Uživatel admin přihlášen.
2012-08-23T21:34:17+02:00 INFO (6): Uživatel odhlášen.
2012-08-23T21:35:09+02:00 INFO (6): Uživatel admin přihlášen.
2012-08-23T21:37:26+02:00 INFO (6): Uživatel odhlášen.
2012-08-23T21:37:40+02:00 INFO (6): Uživatel admin přihlášen.
2012-08-23T21:39:06+02:00 INFO (6): Uživatel odhlášen.
2012-08-23T21:39:15+02:00 INFO (6): Uživatel admin přihlášen.
2012-08-23T21:40:03+02:00 INFO (6): Uživatel odhlášen.
2012-08-23T21:40:43+02:00 INFO (6): Uživatel admin přihlášen.
2012-08-23T21:41:18+02:00 INFO (6): Uživatel odhlášen.
2012-08-23T21:41:41+02:00 INFO (6): Uživatel admin přihlášen.
2012-08-23T21:48:46+02:00 INFO (6): Uživatel odhlášen.
2012-08-23T21:48:48+02:00 INFO (6): Uživatel admin přihlášen.
2012-08-23T21:50:55+02:00 INFO (6): Uživatel odhlášen.
2012-08-23T21:51:22+02:00 INFO (6): Uživatel admin přihlášen.
2012-08-23T21:51:59+02:00 INFO (6): Uživatel odhlášen.
2012-08-23T21:52:00+02:00 INFO (6): Uživatel admin přihlášen.
2012-08-23T21:58:13+02:00 INFO (6): Uživatel odhlášen.
2012-08-23T21:58:58+02:00 INFO (6): Uživatel admin přihlášen.
2012-08-23T21:58:59+02:00 INFO (6): Uživatel odhlášen.
2012-08-23T21:59:00+02:00 INFO (6): Uživatel admin přihlášen.
2012-08-23T21:59:37+02:00 INFO (6): Uživatel odhlášen.
2012-08-23T21:59:39+02:00 INFO (6): Uživatel admin přihlášen.
2012-08-23T22:01:53+02:00 INFO (6): Uživatel odhlášen.
2012-08-23T22:01:59+02:00 INFO (6): Uživatel admin přihlášen.
2012-08-23T22:20:32+02:00 INFO (6): Uživatel odhlášen.
2012-08-23T22:20:43+02:00 INFO (6): Uživatel admin přihlášen.
2012-08-23T22:21:24+02:00 INFO (6): Uživatel odhlášen.
2012-08-23T22:21:39+02:00 INFO (6): Uživatel admin přihlášen.
2012-08-23T22:21:41+02:00 INFO (6): Uživatel odhlášen.
2012-08-23T22:21:44+02:00 INFO (6): Uživatel admin přihlášen.
2012-08-23T22:23:03+02:00 INFO (6): Uživatel odhlášen.
2012-08-23T22:23:06+02:00 INFO (6): Uživatel admin přihlášen.
2012-08-24T12:16:31+02:00 INFO (6): Uživatel admin přihlášen.
2012-08-24T12:17:24+02:00 INFO (6): Uživatel odhlášen.
2012-08-24T12:19:26+02:00 INFO (6): Uživatel admin přihlášen.
2012-08-24T12:21:18+02:00 INFO (6): Uživatel odhlášen.
2012-08-24T12:21:23+02:00 INFO (6): Uživatel admin přihlášen.
2012-08-24T15:31:16+02:00 INFO (6): Uživatel odhlášen.
2012-08-24T15:31:22+02:00 INFO (6): Uživatel admin přihlášen.
2012-08-24T15:31:50+02:00 INFO (6): Uživatel odhlášen.
2012-08-24T15:31:55+02:00 INFO (6): Uživatel admin přihlášen.
2012-08-24T15:35:09+02:00 INFO (6): Uživatel odhlášen.
2012-08-24T15:35:18+02:00 INFO (6): Uživatel admin přihlášen.
2012-08-24T17:28:19+02:00 INFO (6): Uživatel odhlášen.
2012-08-24T21:40:28+02:00 INFO (6): Uživatel koo přihlášen.
2012-08-24T21:41:53+02:00 INFO (6): Uživatel odhlášen.
2012-08-24T21:42:23+02:00 INFO (6): Uživatel koo přihlášen.
2012-08-24T21:42:24+02:00 INFO (6): Uživatel odhlášen.
2012-08-24T21:42:55+02:00 INFO (6): Uživatel koo přihlášen.
2012-08-24T21:45:57+02:00 INFO (6): Uživatel odhlášen.
2012-08-24T21:46:37+02:00 INFO (6): Uživatel koo přihlášen.
2012-08-24T21:47:07+02:00 INFO (6): Uživatel koo přihlášen.
2012-08-24T21:49:40+02:00 INFO (6): Uživatel koo přihlášen.
2012-08-24T21:54:57+02:00 INFO (6): Uživatel koo přihlášen.
2012-08-24T21:55:03+02:00 INFO (6): Uživatel odhlášen.
2012-08-24T23:42:52+02:00 INFO (6): Uživatel bt přihlášen.
2012-08-24T23:43:35+02:00 INFO (6): Uživatel odhlášen.
2012-08-24T23:43:46+02:00 INFO (6): Uživatel bt přihlášen.
2012-08-24T23:43:46+02:00 INFO (6): Uživatel odhlášen.
2012-08-24T23:44:31+02:00 INFO (6): Uživatel kl přihlášen.
2012-08-24T23:46:15+02:00 INFO (6): Uživatel odhlášen.
2012-08-24T23:46:23+02:00 INFO (6): Uživatel kl přihlášen.
2012-08-24T23:46:26+02:00 INFO (6): Uživatel odhlášen.
2012-08-24T23:47:45+02:00 INFO (6): Uživatel admin přihlášen.
2012-08-24T23:48:23+02:00 INFO (6): Uživatel odhlášen.
2012-08-24T23:48:34+02:00 INFO (6): Uživatel admin přihlášen.
2012-08-24T23:51:22+02:00 INFO (6): Uživatel admin přihlášen.
2012-08-24T23:51:34+02:00 INFO (6): Uživatel odhlášen.
2012-08-24T23:51:38+02:00 INFO (6): Uživatel kl přihlášen.
2012-08-24T23:52:11+02:00 INFO (6): Uživatel odhlášen.
2012-08-24T23:53:33+02:00 INFO (6): Uživatel admin přihlášen.
2012-08-25T00:02:04+02:00 INFO (6): Uživatel odhlášen.
2012-08-25T00:03:00+02:00 INFO (6): Uživatel admin přihlášen.
2012-08-25T00:03:34+02:00 INFO (6): Uživatel odhlášen.
2012-08-25T00:03:36+02:00 INFO (6): Uživatel koo přihlášen.
2012-08-25T00:03:42+02:00 INFO (6): Uživatel odhlášen.
2012-08-25T00:03:43+02:00 INFO (6): Uživatel bt přihlášen.
2012-08-25T00:03:43+02:00 INFO (6): Uživatel odhlášen.
2012-08-25T00:03:45+02:00 INFO (6): Uživatel kl přihlášen.
2012-08-25T00:03:47+02:00 INFO (6): Uživatel odhlášen.
2012-08-25T00:03:48+02:00 INFO (6): Uživatel admin přihlášen.
2012-08-25T00:03:52+02:00 INFO (6): Uživatel odhlášen.
2012-08-25T00:03:53+02:00 INFO (6): Uživatel kl přihlášen.
2012-08-25T00:03:55+02:00 INFO (6): Uživatel odhlášen.
2012-08-25T00:03:56+02:00 INFO (6): Uživatel admin přihlášen.
2012-08-25T00:04:06+02:00 INFO (6): Uživatel odhlášen.
2012-08-25T00:06:19+02:00 INFO (6): Uživatel admin přihlášen.
2012-08-25T00:07:18+02:00 INFO (6): Uživatel odhlášen.
2012-08-25T00:07:19+02:00 INFO (6): Uživatel koo přihlášen.
2012-08-25T00:07:25+02:00 INFO (6): Uživatel odhlášen.
2012-08-25T00:07:26+02:00 INFO (6): Uživatel bt přihlášen.
2012-08-25T00:07:27+02:00 INFO (6): Uživatel odhlášen.
2012-08-25T00:07:28+02:00 INFO (6): Uživatel kl přihlášen.
2012-08-25T00:07:31+02:00 INFO (6): Uživatel odhlášen.
2012-08-25T00:07:32+02:00 INFO (6): Uživatel admin přihlášen.
2012-08-25T00:07:37+02:00 INFO (6): Uživatel odhlášen.
2012-08-25T00:07:37+02:00 INFO (6): Uživatel kl přihlášen.
2012-08-25T00:07:39+02:00 INFO (6): Uživatel odhlášen.
2012-08-25T00:07:40+02:00 INFO (6): Uživatel admin přihlášen.
2012-08-25T00:08:01+02:00 INFO (6): Uživatel odhlášen.
2012-08-27T00:00:16+02:00 INFO (6): Uživatel koordinator přihlášen.
2012-08-27T10:34:47+02:00 INFO (6): Uživatel koordinator přihlášen.
2012-08-27T11:17:11+02:00 INFO (6): Uživatel odhlášen.
2012-08-27T11:17:19+02:00 INFO (6): Uživatel admin přihlášen.
2012-08-27T19:43:54+02:00 INFO (6): Uživatel odhlášen.
2012-08-27T19:44:01+02:00 INFO (6): Uživatel klient přihlášen.
2012-08-27T20:02:16+02:00 INFO (6): Uživatel odhlášen.
2012-08-27T20:02:20+02:00 INFO (6): Uživatel admin přihlášen.
2012-08-27T20:02:25+02:00 INFO (6): Uživatel odhlášen.
2012-08-27T20:02:31+02:00 INFO (6): Uživatel klient přihlášen.
2012-08-27T20:48:40+02:00 INFO (6): Uživatel odhlášen.
2012-08-27T20:48:47+02:00 INFO (6): Uživatel technik přihlášen.
2012-08-27T20:49:51+02:00 INFO (6): Uživatel odhlášen.
2012-08-27T20:49:54+02:00 INFO (6): Uživatel ales přihlášen.
2012-08-27T21:10:32+02:00 INFO (6): Uživatel ales přihlášen.
2012-08-27T23:21:49+02:00 INFO (6): Uživatel odhlášen.
2012-08-27T23:21:59+02:00 INFO (6): Uživatel technik přihlášen.
2012-08-27T23:52:13+02:00 INFO (6): Uživatel odhlášen.
2012-08-27T23:52:18+02:00 INFO (6): Uživatel admin přihlášen.
2012-08-27T23:59:22+02:00 INFO (6): Uživatel odhlášen.
2012-08-27T23:59:33+02:00 INFO (6): Uživatel koordinator přihlášen.
2012-08-27T23:59:43+02:00 INFO (6): Uživatel odhlášen.
2012-08-27T23:59:49+02:00 INFO (6): Uživatel technik přihlášen.
2012-08-28T00:00:17+02:00 INFO (6): Uživatel odhlášen.
2012-08-28T00:00:22+02:00 INFO (6): Uživatel admin přihlášen.
2012-08-28T00:12:07+02:00 INFO (6): Uživatel odhlášen.
2012-08-28T00:12:14+02:00 INFO (6): Uživatel klient přihlášen.
2012-08-28T08:28:08+02:00 INFO (6): Uživatel admin přihlášen.
2012-08-29T08:03:24+02:00 INFO (6): Uživatel admin přihlášen.
2012-08-30T08:17:21+02:00 INFO (6): Uživatel admin přihlášen.
2012-08-31T14:59:35+02:00 INFO (6): Uživatel admin přihlášen.
2012-09-10T21:54:45+02:00 INFO (6): Uživatel admin přihlášen.
2012-09-11T08:08:46+02:00 INFO (6): Uživatel admin přihlášen.
2012-09-11T18:07:38+02:00 INFO (6): Uživatel admin přihlášen.
2012-09-13T08:10:23+02:00 INFO (6): Uživatel admin přihlášen.
2012-09-15T07:43:25+02:00 INFO (6): Uživatel admin přihlášen.
2012-09-15T09:00:00+02:00 INFO (6): Uživatel odhlášen.
2012-09-15T09:00:08+02:00 INFO (6): Uživatel klient přihlášen.
2012-09-15T09:00:35+02:00 INFO (6): Uživatel odhlášen.
2012-09-15T09:00:40+02:00 INFO (6): Uživatel admin přihlášen.
2012-09-15T10:30:16+02:00 INFO (6): Uživatel odhlášen.
2012-09-15T10:30:21+02:00 INFO (6): Uživatel klient přihlášen.
2012-09-15T10:32:37+02:00 INFO (6): Uživatel odhlášen.
2012-09-15T10:32:41+02:00 INFO (6): Uživatel ales přihlášen.
2012-09-15T10:32:54+02:00 INFO (6): Uživatel odhlášen.
2012-09-15T10:33:05+02:00 INFO (6): Uživatel klient přihlášen.
2012-09-15T10:38:52+02:00 INFO (6): Uživatel odhlášen.
2012-09-15T10:38:56+02:00 INFO (6): Uživatel ales přihlášen.
2012-09-15T10:41:42+02:00 INFO (6): Uživatel odhlášen.
2012-09-15T10:41:46+02:00 INFO (6): Uživatel admin přihlášen.
2012-09-17T11:57:08+02:00 INFO (6): Uživatel admin přihlášen.
2012-09-18T10:11:23+02:00 INFO (6): Uživatel admin přihlášen.
2012-09-18T23:36:10+02:00 INFO (6): Uživatel odhlášen.
2012-09-18T23:36:23+02:00 INFO (6): Uživatel klient přihlášen.
2012-09-18T23:36:53+02:00 INFO (6): Uživatel odhlášen.
2012-09-18T23:37:02+02:00 INFO (6): Uživatel admin přihlášen.
2012-09-19T11:44:51+02:00 INFO (6): Uživatel admin přihlášen.
2012-09-19T19:41:36+02:00 INFO (6): Uživatel odhlášen.
2012-09-19T19:41:41+02:00 INFO (6): Uživatel klient přihlášen.
2012-09-19T21:47:14+02:00 INFO (6): Uživatel odhlášen.
2012-09-19T21:47:19+02:00 INFO (6): Uživatel admin přihlášen.
2012-09-21T14:24:42+02:00 INFO (6): Uživatel admin přihlášen.
2012-09-24T14:00:11+02:00 INFO (6): Uživatel admin přihlášen.
2012-10-11T21:21:32+02:00 INFO (6): Uživatel admin přihlášen.
2012-10-11T21:38:38+02:00 INFO (6): Uživatel odhlášen.
2012-10-11T21:38:44+02:00 INFO (6): Uživatel klient přihlášen.
2012-10-11T21:40:17+02:00 INFO (6): Uživatel odhlášen.
2012-10-11T21:40:22+02:00 INFO (6): Uživatel admin přihlášen.
2012-10-15T23:03:46+02:00 INFO (6): Uživatel admin přihlášen.
2012-10-16T10:15:43+02:00 INFO (6): Uživatel admin přihlášen.
2012-10-16T19:09:43+02:00 INFO (6): Uživatel odhlášen.
2012-10-16T19:09:55+02:00 INFO (6): Uživatel koordinator přihlášen.
2012-10-16T19:10:12+02:00 INFO (6): Uživatel odhlášen.
2012-10-16T19:10:19+02:00 INFO (6): Uživatel technik přihlášen.
2012-10-16T19:10:33+02:00 INFO (6): Uživatel odhlášen.
2012-10-16T19:10:36+02:00 INFO (6): Uživatel ales přihlášen.
2012-10-16T19:11:26+02:00 INFO (6): Uživatel odhlášen.
2012-10-16T19:11:30+02:00 INFO (6): Uživatel ales přihlášen.
2012-10-16T19:15:49+02:00 INFO (6): Uživatel odhlášen.
2012-10-16T19:15:56+02:00 INFO (6): Uživatel admin přihlášen.
2012-10-16T22:56:08+02:00 INFO (6): Uživatel odhlášen.
2012-10-18T16:18:25+02:00 INFO (6): Uživatel admin přihlášen.
2012-10-19T15:41:46+02:00 INFO (6): Uživatel admin přihlášen.
2012-10-22T19:36:22+02:00 INFO (6): Uživatel admin přihlášen.
2012-10-26T15:33:14+02:00 INFO (6): Uživatel admin přihlášen.
2012-10-29T13:12:15+01:00 INFO (6): Uživatel admin přihlášen.
2012-10-30T10:37:04+01:00 INFO (6): Uživatel admin přihlášen.
2012-11-01T14:30:17+01:00 INFO (6): Uživatel admin přihlášen.
2012-11-05T13:59:24+01:00 INFO (6): Uživatel admin přihlášen.
